<?xml version="1.0" encoding="UTF-8"?>
<testng-results skipped="0" failed="0" total="1" passed="1">
  <reporter-output>
  </reporter-output>
  <suite name="Default suite" duration-ms="1608" started-at="2016-11-18T06:02:39Z" finished-at="2016-11-18T06:02:40Z">
    <groups>
    </groups>
    <test name="Default test" duration-ms="1608" started-at="2016-11-18T06:02:39Z" finished-at="2016-11-18T06:02:40Z">
      <class name="Testngpackage.Rowcount">
        <test-method status="PASS" signature="createcustomer()[pri:0, instance:Testngpackage.Rowcount@5474c6c]" name="createcustomer" duration-ms="1576" started-at="2016-11-18T11:32:39Z" finished-at="2016-11-18T11:32:40Z">
          <reporter-output>
          </reporter-output>
        </test-method> <!-- createcustomer -->
      </class> <!-- Testngpackage.Rowcount -->
    </test> <!-- Default test -->
  </suite> <!-- Default suite -->
</testng-results>
